0 info it worked if it ends with ok
1 verbose cli [ 'D:\\Node JS\\node.exe',
1 verbose cli   'D:\\Node JS\\node_modules\\npm\\bin\\npm-cli.js',
1 verbose cli   'restart' ]
2 info using npm@2.14.4
3 info using node@v4.1.2
4 verbose config Skipping project config: C:\Users\Neha  M/.npmrc. (matches userconfig)
5 verbose stack Error: ENOENT: no such file or directory, open 'C:\Users\Neha  M\package.json'
5 verbose stack     at Error (native)
6 verbose cwd C:\Users\Neha  M\Desktop\CloudServicesRepo
7 error Windows_NT 10.0.10586
8 error argv "D:\\Node JS\\node.exe" "D:\\Node JS\\node_modules\\npm\\bin\\npm-cli.js" "restart"
9 error node v4.1.2
10 error npm  v2.14.4
11 error path C:\Users\Neha  M\package.json
12 error code ENOENT
13 error errno -4058
14 error syscall open
15 error enoent ENOENT: no such file or directory, open 'C:\Users\Neha  M\package.json'
15 error enoent This is most likely not a problem with npm itself
15 error enoent and is related to npm not being able to find a file.
16 verbose exit [ -4058, true ]
